The system is: Windows - 10.0.19042 - AMD64
Compiling the C compiler identification source file "CMakeCCompilerId.c" succeeded.
Compiler: D:/programming/VisualStudio2017/IDE/VC/Tools/MSVC/14.16.27023/bin/Hostx86/x86/cl.exe 
Build flags: 
Id flags:  

The output was:
0
用于 x86 的 Microsoft (R) C/C++ 优化编译器 19.16.27042 版
版权所有(C) Microsoft Corporation。保留所有权利。

CMakeCCompilerId.c
Microsoft (R) Incremental Linker Version 14.16.27042.0
Copyright (C) Microsoft Corporation.  All rights reserved.

/out:CMakeCCompilerId.exe 
CMakeCCompilerId.obj 


Compilation of the C compiler identification source "CMakeCCompilerId.c" produced "CMakeCCompilerId.exe"

Compilation of the C compiler identification source "CMakeCCompilerId.c" produced "CMakeCCompilerId.obj"

The C compiler identification is MSVC, found in "D:/programming/Clion/projects/NIMQtClient/cmake-build-debug-visual-studio2017/CMakeFiles/3.19.2/CompilerIdC/CMakeCCompilerId.exe"

Compiling the CXX compiler identification source file "CMakeCXXCompilerId.cpp" succeeded.
Compiler: D:/programming/VisualStudio2017/IDE/VC/Tools/MSVC/14.16.27023/bin/Hostx86/x86/cl.exe 
Build flags: 
Id flags:  

The output was:
0
用于 x86 的 Microsoft (R) C/C++ 优化编译器 19.16.27042 版
版权所有(C) Microsoft Corporation。保留所有权利。

CMakeCXXCompilerId.cpp
Microsoft (R) Incremental Linker Version 14.16.27042.0
Copyright (C) Microsoft Corporation.  All rights reserved.

/out:CMakeCXXCompilerId.exe 
CMakeCXXCompilerId.obj 


Compilation of the CXX compiler identification source "CMakeCXXCompilerId.cpp" produced "CMakeCXXCompilerId.exe"

Compilation of the CXX compiler identification source "CMakeCXXCompilerId.cpp" produced "CMakeCXXCompilerId.obj"

The CXX compiler identification is MSVC, found in "D:/programming/Clion/projects/NIMQtClient/cmake-build-debug-visual-studio2017/CMakeFiles/3.19.2/CompilerIdCXX/CMakeCXXCompilerId.exe"

Detecting C compiler ABI info compiled with the following output:
Change Dir: D:/programming/Clion/projects/NIMQtClient/cmake-build-debug-visual-studio2017/CMakeFiles/CMakeTmp

Run Build Command(s):nmake /nologo cmTC_86739\fast && 	D:\programming\VisualStudio2017\IDE\VC\Tools\MSVC\14.16.27023\bin\HostX86\x86\nmake.exe  -f CMakeFiles\cmTC_86739.dir\build.make /nologo -L                  CMakeFiles\cmTC_86739.dir\build
Building C object CMakeFiles/cmTC_86739.dir/CMakeCCompilerABI.c.obj
	D:\programming\VisualStudio2017\IDE\VC\Tools\MSVC\14.16.27023\bin\Hostx86\x86\cl.exe @C:\Users\19216\AppData\Local\Temp\nmC884.tmp
CMakeCCompilerABI.c
Linking C executable cmTC_86739.exe
	"D:\programming\Clion\install\CLion 2021.1.1\bin\cmake\win\bin\cmake.exe" -E vs_link_exe --intdir=CMakeFiles\cmTC_86739.dir --rc="D:\Windows Kits\10\bin\10.0.17134.0\x86\rc.exe" --mt="D:\Windows Kits\10\bin\10.0.17134.0\x86\mt.exe" --manifests -- D:\programming\VisualStudio2017\IDE\VC\Tools\MSVC\14.16.27023\bin\Hostx86\x86\link.exe /nologo @CMakeFiles\cmTC_86739.dir\objects1.rsp @C:\Users\19216\AppData\Local\Temp\nmCC7D.tmp



Detecting CXX compiler ABI info compiled with the following output:
Change Dir: D:/programming/Clion/projects/NIMQtClient/cmake-build-debug-visual-studio2017/CMakeFiles/CMakeTmp

Run Build Command(s):nmake /nologo cmTC_bf91d\fast && 	D:\programming\VisualStudio2017\IDE\VC\Tools\MSVC\14.16.27023\bin\HostX86\x86\nmake.exe  -f CMakeFiles\cmTC_bf91d.dir\build.make /nologo -L                  CMakeFiles\cmTC_bf91d.dir\build
Building CXX object CMakeFiles/cmTC_bf91d.dir/CMakeCXXCompilerABI.cpp.obj
	D:\programming\VisualStudio2017\IDE\VC\Tools\MSVC\14.16.27023\bin\Hostx86\x86\cl.exe @C:\Users\19216\AppData\Local\Temp\nmE4E6.tmp
CMakeCXXCompilerABI.cpp
Linking CXX executable cmTC_bf91d.exe
	"D:\programming\Clion\install\CLion 2021.1.1\bin\cmake\win\bin\cmake.exe" -E vs_link_exe --intdir=CMakeFiles\cmTC_bf91d.dir --rc="D:\Windows Kits\10\bin\10.0.17134.0\x86\rc.exe" --mt="D:\Windows Kits\10\bin\10.0.17134.0\x86\mt.exe" --manifests -- D:\programming\VisualStudio2017\IDE\VC\Tools\MSVC\14.16.27023\bin\Hostx86\x86\link.exe /nologo @CMakeFiles\cmTC_bf91d.dir\objects1.rsp @C:\Users\19216\AppData\Local\Temp\nmE573.tmp



